E:\VS PROJECT\WIN32PROJECT1\飞机大战\DEBUG\BACKGROUND.OBJ
E:\VS PROJECT\WIN32PROJECT1\飞机大战\DEBUG\FOEPLANE.OBJ
E:\VS PROJECT\WIN32PROJECT1\飞机大战\DEBUG\FOEPLANEBIG.OBJ
E:\VS PROJECT\WIN32PROJECT1\飞机大战\DEBUG\FOEPLANEBOX.OBJ
E:\VS PROJECT\WIN32PROJECT1\飞机大战\DEBUG\FOEPLANEMID.OBJ
E:\VS PROJECT\WIN32PROJECT1\飞机大战\DEBUG\FOEPLANESMA.OBJ
E:\VS PROJECT\WIN32PROJECT1\飞机大战\DEBUG\WINMAIN.OBJ
E:\VS PROJECT\WIN32PROJECT1\飞机大战\DEBUG\GUNNER.OBJ
E:\VS PROJECT\WIN32PROJECT1\飞机大战\DEBUG\GUNNERBOX.OBJ
E:\VS PROJECT\WIN32PROJECT1\飞机大战\DEBUG\PLANEAPP.OBJ
E:\VS PROJECT\WIN32PROJECT1\飞机大战\DEBUG\PLAYERPLANE.OBJ
E:\VS PROJECT\WIN32PROJECT1\飞机大战\DEBUG\VC110.PDB
E:\VS PROJECT\WIN32PROJECT1\DEBUG\飞机大战.ILK
E:\VS PROJECT\WIN32PROJECT1\DEBUG\飞机大战.EXE
E:\VS PROJECT\WIN32PROJECT1\DEBUG\飞机大战.PDB
E:\VS PROJECT\WIN32PROJECT1\飞机大战\DEBUG\飞机大战.RES
E:\VS project\Win32Project1\飞机大战\Debug\BackGround.obj
E:\VS project\Win32Project1\飞机大战\Debug\FoePlane.obj
E:\VS project\Win32Project1\飞机大战\Debug\FoePlaneBig.obj
E:\VS project\Win32Project1\飞机大战\Debug\FoePlaneBox.obj
E:\VS project\Win32Project1\飞机大战\Debug\FoePlaneMid.obj
E:\VS project\Win32Project1\飞机大战\Debug\FoePlaneSma.obj
E:\VS project\Win32Project1\飞机大战\Debug\Gunner.obj
E:\VS project\Win32Project1\飞机大战\Debug\GunnerBox.obj
E:\VS project\Win32Project1\飞机大战\Debug\PlaneApp.obj
E:\VS project\Win32Project1\飞机大战\Debug\PlayerPlane.obj
E:\VS project\Win32Project1\飞机大战\Debug\WinMain.obj
E:\VS project\Win32Project1\飞机大战\Debug\cl.command.1.tlog
E:\VS project\Win32Project1\飞机大战\Debug\CL.read.1.tlog
E:\VS project\Win32Project1\飞机大战\Debug\CL.write.1.tlog
E:\VS project\Win32Project1\飞机大战\Debug\link-cvtres.read.1.tlog
E:\VS project\Win32Project1\飞机大战\Debug\link-cvtres.write.1.tlog
E:\VS project\Win32Project1\飞机大战\Debug\link-rc.read.1.tlog
E:\VS project\Win32Project1\飞机大战\Debug\link-rc.write.1.tlog
E:\VS project\Win32Project1\飞机大战\Debug\link.command.1.tlog
E:\VS project\Win32Project1\飞机大战\Debug\link.read.1.tlog
E:\VS project\Win32Project1\飞机大战\Debug\link.write.1.tlog
E:\VS project\Win32Project1\飞机大战\Debug\rc.command.1.tlog
E:\VS project\Win32Project1\飞机大战\Debug\rc.read.1.tlog
E:\VS project\Win32Project1\飞机大战\Debug\rc.write.1.tlog
E:\VS project\Win32Project1\飞机大战\Debug\飞机大战.res
E:\VS project\Win32Project1\飞机大战\Debug\vc110.idb
E:\VS project\Win32Project1\飞机大战\Debug\vc110.pdb
E:\VS project\Win32Project1\Debug\飞机大战.pdb
E:\VS project\Win32Project1\Debug\飞机大战.exe
E:\VS project\Win32Project1\Debug\飞机大战.ilk
